# JRE version: OpenJDK Runtime Environment Temurin-21.0.7+6 (21.0.7+6) (build 21.0.7+6-LTS)
# Java VM: OpenJDK 64-Bit Server VM Temurin-21.0.7+6 (21.0.7+6-LTS, mixed mode, sharing, tiered, compressed oops, compressed class ptrs, parallel gc, windows-amd64)
GC Precious Log:
 CardTable entry size: 512
 CPUs: 4 total, 4 available
 Memory: 3790M
 Large Page Support: Disabled
 NUMA Support: Disabled
 Compressed Oops: Enabled (32-bit)
 Alignments: Space 512K, Generation 512K, Heap 2M
 Heap Min Capacity: 100M
 Heap Initial Capacity: 100M
 Heap Max Capacity: 1G
 Pre-touch: Disabled
 Parallel Workers: 4
Heap:
 PSYoungGen      total 6144K, used 3253K [0x00000000eab00000, 0x00000000eb600000, 0x0000000100000000)
  eden space 5632K, 49% used [0x00000000eab00000,0x00000000eadb8340,0x00000000eb080000)
  from space 512K, 91% used [0x00000000eb580000,0x00000000eb5f5220,0x00000000eb600000)
  to   space 2560K, 0% used [0x00000000eb100000,0x00000000eb100000,0x00000000eb380000)
 ParOldGen       total 523264K, used 523112K [0x00000000c0000000, 0x00000000dff00000, 0x00000000eab00000)
  object space 523264K, 99% used [0x00000000c0000000,0x00000000dfeda140,0x00000000dff00000)
 Metaspace       used 76924K, committed 78528K, reserved 1179648K
  class space    used 7967K, committed 8704K, reserved 1048576K
GC Heap History (20 events):
Event: 1352.752 GC heap before
{Heap before GC invocations=1058 (full 4):
 PSYoungGen      total 2560K, used 2527K [0x00000000eab00000, 0x00000000eaf00000, 0x0000000100000000)
  eden space 2048K, 99% used [0x00000000eab00000,0x00000000eacffff8,0x00000000ead00000)
  from space 512K, 93% used [0x00000000eae80000,0x00000000eaef8000,0x00000000eaf00000)
  to   space 1024K, 0% used [0x00000000ead00000,0x00000000ead00000,0x00000000eae00000)
 ParOldGen       total 498176K, used 497684K [0x00000000c0000000, 0x00000000de680000, 0x00000000eab00000)
  object space 498176K, 99% used [0x00000000c0000000,0x00000000de6051c0,0x00000000de680000)
 Metaspace       used 76864K, committed 78528K, reserved 1179648K
  class space    used 7967K, committed 8704K, reserved 1048576K
}
Event: 1352.868 GC heap after
{Heap after GC invocations=1058 (full 4):
 PSYoungGen      total 3072K, used 1024K [0x00000000eab00000, 0x00000000eb280000, 0x0000000100000000)
  eden space 2048K, 0% used [0x00000000eab00000,0x00000000eab00000,0x00000000ead00000)
  from space 1024K, 100% used [0x00000000ead00000,0x00000000eae00000,0x00000000eae00000)
  to   space 2560K, 0% used [0x00000000eb000000,0x00000000eb000000,0x00000000eb280000)
 ParOldGen       total 499200K, used 498857K [0x00000000c0000000, 0x00000000de780000, 0x00000000eab00000)
  object space 499200K, 99% used [0x00000000c0000000,0x00000000de72a450,0x00000000de780000)
 Metaspace       used 76864K, committed 78528K, reserved 1179648K
  class space    used 7967K, committed 8704K, reserved 1048576K
}
Event: 1352.910 GC heap before
{Heap before GC invocations=1059 (full 4):
 PSYoungGen      total 3072K, used 3072K [0x00000000eab00000, 0x00000000eb280000, 0x0000000100000000)
  eden space 2048K, 100% used [0x00000000eab00000,0x00000000ead00000,0x00000000ead00000)
  from space 1024K, 100% used [0x00000000ead00000,0x00000000eae00000,0x00000000eae00000)
  to   space 2560K, 0% used [0x00000000eb000000,0x00000000eb000000,0x00000000eb280000)
 ParOldGen       total 499200K, used 498857K [0x00000000c0000000, 0x00000000de780000, 0x00000000eab00000)
  object space 499200K, 99% used [0x00000000c0000000,0x00000000de72a450,0x00000000de780000)
 Metaspace       used 76866K, committed 78528K, reserved 1179648K
  class space    used 7967K, committed 8704K, reserved 1048576K
}
Event: 1352.950 GC heap after
{Heap after GC invocations=1059 (full 4):
 PSYoungGen      total 5120K, used 2016K [0x00000000eab00000, 0x00000000eb280000, 0x0000000100000000)
  eden space 2560K, 0% used [0x00000000eab00000,0x00000000eab00000,0x00000000ead80000)
  from space 2560K, 78% used [0x00000000eb000000,0x00000000eb1f8000,0x00000000eb280000)
  to   space 2560K, 0% used [0x00000000ead80000,0x00000000ead80000,0x00000000eb000000)
 ParOldGen       total 500224K, used 499905K [0x00000000c0000000, 0x00000000de880000, 0x00000000eab00000)
  object space 500224K, 99% used [0x00000000c0000000,0x00000000de830450,0x00000000de880000)
 Metaspace       used 76866K, committed 78528K, reserved 1179648K
  class space    used 7967K, committed 8704K, reserved 1048576K
}
Event: 1352.987 GC heap before
{Heap before GC invocations=1060 (full 4):
 PSYoungGen      total 5120K, used 4576K [0x00000000eab00000, 0x00000000eb280000, 0x0000000100000000)
  eden space 2560K, 100% used [0x00000000eab00000,0x00000000ead80000,0x00000000ead80000)
  from space 2560K, 78% used [0x00000000eb000000,0x00000000eb1f8000,0x00000000eb280000)
  to   space 2560K, 0% used [0x00000000ead80000,0x00000000ead80000,0x00000000eb000000)
 ParOldGen       total 500224K, used 499905K [0x00000000c0000000, 0x00000000de880000, 0x00000000eab00000)
  object space 500224K, 99% used [0x00000000c0000000,0x00000000de830450,0x00000000de880000)
 Metaspace       used 76866K, committed 78528K, reserved 1179648K
  class space    used 7967K, committed 8704K, reserved 1048576K
}
Event: 1352.996 GC heap after
{Heap after GC invocations=1060 (full 4):
 PSYoungGen      total 5120K, used 2560K [0x00000000eab00000, 0x00000000eb800000, 0x0000000100000000)
  eden space 2560K, 0% used [0x00000000eab00000,0x00000000eab00000,0x00000000ead80000)
  from space 2560K, 100% used [0x00000000ead80000,0x00000000eb000000,0x00000000eb000000)
  to   space 5120K, 0% used [0x00000000eb300000,0x00000000eb300000,0x00000000eb800000)
 ParOldGen       total 502272K, used 501921K [0x00000000c0000000, 0x00000000dea80000, 0x00000000eab00000)
  object space 502272K, 99% used [0x00000000c0000000,0x00000000dea28450,0x00000000dea80000)
 Metaspace       used 76866K, committed 78528K, reserved 1179648K
  class space    used 7967K, committed 8704K, reserved 1048576K
}
Event: 1353.035 GC heap before
{Heap before GC invocations=1061 (full 4):
 PSYoungGen      total 5120K, used 5120K [0x00000000eab00000, 0x00000000eb800000, 0x0000000100000000)
  eden space 2560K, 100% used [0x00000000eab00000,0x00000000ead80000,0x00000000ead80000)
  from space 2560K, 100% used [0x00000000ead80000,0x00000000eb000000,0x00000000eb000000)
  to   space 5120K, 0% used [0x00000000eb300000,0x00000000eb300000,0x00000000eb800000)
 ParOldGen       total 502272K, used 501921K [0x00000000c0000000, 0x00000000dea80000, 0x00000000eab00000)
  object space 502272K, 99% used [0x00000000c0000000,0x00000000dea28450,0x00000000dea80000)
 Metaspace       used 76867K, committed 78528K, reserved 1179648K
  class space    used 7967K, committed 8704K, reserved 1048576K
}
Event: 1353.042 GC heap after
{Heap after GC invocations=1061 (full 4):
 PSYoungGen      total 6144K, used 2592K [0x00000000eab00000, 0x00000000eb600000, 0x0000000100000000)
  eden space 3072K, 0% used [0x00000000eab00000,0x00000000eab00000,0x00000000eae00000)
  from space 3072K, 84% used [0x00000000eb300000,0x00000000eb588000,0x00000000eb600000)
  to   space 3584K, 0% used [0x00000000eaf00000,0x00000000eaf00000,0x00000000eb280000)
 ParOldGen       total 504832K, used 504465K [0x00000000c0000000, 0x00000000ded00000, 0x00000000eab00000)
  object space 504832K, 99% used [0x00000000c0000000,0x00000000deca4450,0x00000000ded00000)
 Metaspace       used 76867K, committed 78528K, reserved 1179648K
  class space    used 7967K, committed 8704K, reserved 1048576K
}
Event: 1353.066 GC heap before
{Heap before GC invocations=1062 (full 4):
 PSYoungGen      total 6144K, used 5656K [0x00000000eab00000, 0x00000000eb600000, 0x0000000100000000)
  eden space 3072K, 99% used [0x00000000eab00000,0x00000000eadfe348,0x00000000eae00000)
  from space 3072K, 84% used [0x00000000eb300000,0x00000000eb588000,0x00000000eb600000)
  to   space 3584K, 0% used [0x00000000eaf00000,0x00000000eaf00000,0x00000000eb280000)
 ParOldGen       total 504832K, used 504465K [0x00000000c0000000, 0x00000000ded00000, 0x00000000eab00000)
  object space 504832K, 99% used [0x00000000c0000000,0x00000000deca4450,0x00000000ded00000)
 Metaspace       used 76872K, committed 78528K, reserved 1179648K
  class space    used 7967K, committed 8704K, reserved 1048576K
}
Event: 1353.077 GC heap after
{Heap after GC invocations=1062 (full 4):
 PSYoungGen      total 7680K, used 3010K [0x00000000eab00000, 0x00000000eb600000, 0x0000000100000000)
  eden space 4096K, 0% used [0x00000000eab00000,0x00000000eab00000,0x00000000eaf00000)
  from space 3584K, 83% used [0x00000000eaf00000,0x00000000eb1f0800,0x00000000eb280000)
  to   space 3584K, 0% used [0x00000000eb280000,0x00000000eb280000,0x00000000eb600000)
 ParOldGen       total 507392K, used 507001K [0x00000000c0000000, 0x00000000def80000, 0x00000000eab00000)
  object space 507392K, 99% used [0x00000000c0000000,0x00000000def1e450,0x00000000def80000)
 Metaspace       used 76872K, committed 78528K, reserved 1179648K
  class space    used 7967K, committed 8704K, reserved 1048576K
}
Event: 1353.144 GC heap before
{Heap before GC invocations=1063 (full 4):
 PSYoungGen      total 7680K, used 6760K [0x00000000eab00000, 0x00000000eb600000, 0x0000000100000000)
  eden space 4096K, 91% used [0x00000000eab00000,0x00000000eaea98f8,0x00000000eaf00000)
  from space 3584K, 83% used [0x00000000eaf00000,0x00000000eb1f0800,0x00000000eb280000)
  to   space 3584K, 0% used [0x00000000eb280000,0x00000000eb280000,0x00000000eb600000)
 ParOldGen       total 507392K, used 507001K [0x00000000c0000000, 0x00000000def80000, 0x00000000eab00000)
  object space 507392K, 99% used [0x00000000c0000000,0x00000000def1e450,0x00000000def80000)
 Metaspace       used 76875K, committed 78528K, reserved 1179648K
  class space    used 7967K, committed 8704K, reserved 1048576K
}
Event: 1353.154 GC heap after
{Heap after GC invocations=1063 (full 4):
 PSYoungGen      total 8192K, used 3008K [0x00000000eab00000, 0x00000000eb600000, 0x0000000100000000)
  eden space 4608K, 0% used [0x00000000eab00000,0x00000000eab00000,0x00000000eaf80000)
  from space 3584K, 83% used [0x00000000eb280000,0x00000000eb570000,0x00000000eb600000)
  to   space 3072K, 0% used [0x00000000eaf80000,0x00000000eaf80000,0x00000000eb280000)
 ParOldGen       total 509952K, used 509873K [0x00000000c0000000, 0x00000000df200000, 0x00000000eab00000)
  object space 509952K, 99% used [0x00000000c0000000,0x00000000df1ec450,0x00000000df200000)
 Metaspace       used 76875K, committed 78528K, reserved 1179648K
  class space    used 7967K, committed 8704K, reserved 1048576K
}
Event: 1353.493 GC heap before
{Heap before GC invocations=1064 (full 4):
 PSYoungGen      total 8192K, used 7616K [0x00000000eab00000, 0x00000000eb600000, 0x0000000100000000)
  eden space 4608K, 100% used [0x00000000eab00000,0x00000000eaf80000,0x00000000eaf80000)
  from space 3584K, 83% used [0x00000000eb280000,0x00000000eb570000,0x00000000eb600000)
  to   space 3072K, 0% used [0x00000000eaf80000,0x00000000eaf80000,0x00000000eb280000)
 ParOldGen       total 509952K, used 509873K [0x00000000c0000000, 0x00000000df200000, 0x00000000eab00000)
  object space 509952K, 99% used [0x00000000c0000000,0x00000000df1ec450,0x00000000df200000)
 Metaspace       used 76887K, committed 78528K, reserved 1179648K
  class space    used 7967K, committed 8704K, reserved 1048576K
}
Event: 1353.500 GC heap after
{Heap after GC invocations=1064 (full 4):
 PSYoungGen      total 7680K, used 3063K [0x00000000eab00000, 0x00000000ebb80000, 0x0000000100000000)
  eden space 4608K, 0% used [0x00000000eab00000,0x00000000eab00000,0x00000000eaf80000)
  from space 3072K, 99% used [0x00000000eaf80000,0x00000000eb27dce0,0x00000000eb280000)
  to   space 6144K, 0% used [0x00000000eb580000,0x00000000eb580000,0x00000000ebb80000)
 ParOldGen       total 512512K, used 512393K [0x00000000c0000000, 0x00000000df480000, 0x00000000eab00000)
  object space 512512K, 99% used [0x00000000c0000000,0x00000000df462450,0x00000000df480000)
 Metaspace       used 76887K, committed 78528K, reserved 1179648K
  class space    used 7967K, committed 8704K, reserved 1048576K
}
Event: 1353.540 GC heap before
{Heap before GC invocations=1065 (full 4):
 PSYoungGen      total 7680K, used 7671K [0x00000000eab00000, 0x00000000ebb80000, 0x0000000100000000)
  eden space 4608K, 100% used [0x00000000eab00000,0x00000000eaf80000,0x00000000eaf80000)
  from space 3072K, 99% used [0x00000000eaf80000,0x00000000eb27dce0,0x00000000eb280000)
  to   space 6144K, 0% used [0x00000000eb580000,0x00000000eb580000,0x00000000ebb80000)
 ParOldGen       total 512512K, used 512393K [0x00000000c0000000, 0x00000000df480000, 0x00000000eab00000)
  object space 512512K, 99% used [0x00000000c0000000,0x00000000df462450,0x00000000df480000)
 Metaspace       used 76887K, committed 78528K, reserved 1179648K
  class space    used 7967K, committed 8704K, reserved 1048576K
}
Event: 1353.554 GC heap after
{Heap after GC invocations=1065 (full 4):
 PSYoungGen      total 10752K, used 4640K [0x00000000eab00000, 0x00000000eba80000, 0x0000000100000000)
  eden space 5632K, 0% used [0x00000000eab00000,0x00000000eab00000,0x00000000eb080000)
  from space 5120K, 90% used [0x00000000eb580000,0x00000000eba08000,0x00000000eba80000)
  to   space 5120K, 0% used [0x00000000eb080000,0x00000000eb080000,0x00000000eb580000)
 ParOldGen       total 515584K, used 515472K [0x00000000c0000000, 0x00000000df780000, 0x00000000eab00000)
  object space 515584K, 99% used [0x00000000c0000000,0x00000000df764140,0x00000000df780000)
 Metaspace       used 76887K, committed 78528K, reserved 1179648K
  class space    used 7967K, committed 8704K, reserved 1048576K
}
Event: 1354.008 GC heap before
{Heap before GC invocations=1066 (full 4):
 PSYoungGen      total 10752K, used 10270K [0x00000000eab00000, 0x00000000eba80000, 0x0000000100000000)
  eden space 5632K, 99% used [0x00000000eab00000,0x00000000eb07f950,0x00000000eb080000)
  from space 5120K, 90% used [0x00000000eb580000,0x00000000eba08000,0x00000000eba80000)
  to   space 5120K, 0% used [0x00000000eb080000,0x00000000eb080000,0x00000000eb580000)
 ParOldGen       total 515584K, used 515472K [0x00000000c0000000, 0x00000000df780000, 0x00000000eab00000)
  object space 515584K, 99% used [0x00000000c0000000,0x00000000df764140,0x00000000df780000)
 Metaspace       used 76887K, committed 78528K, reserved 1179648K
  class space    used 7967K, committed 8704K, reserved 1048576K
}
Event: 1354.025 GC heap after
{Heap after GC invocations=1066 (full 4):
 PSYoungGen      total 10752K, used 4931K [0x00000000eab00000, 0x00000000eba80000, 0x0000000100000000)
  eden space 5632K, 0% used [0x00000000eab00000,0x00000000eab00000,0x00000000eb080000)
  from space 5120K, 96% used [0x00000000eb080000,0x00000000eb550cc8,0x00000000eb580000)
  to   space 5120K, 0% used [0x00000000eb580000,0x00000000eb580000,0x00000000eba80000)
 ParOldGen       total 520192K, used 520096K [0x00000000c0000000, 0x00000000dfc00000, 0x00000000eab00000)
  object space 520192K, 99% used [0x00000000c0000000,0x00000000dfbe8140,0x00000000dfc00000)
 Metaspace       used 76887K, committed 78528K, reserved 1179648K
  class space    used 7967K, committed 8704K, reserved 1048576K
}
Event: 1355.260 GC heap before
{Heap before GC invocations=1067 (full 4):
 PSYoungGen      total 10752K, used 10563K [0x00000000eab00000, 0x00000000eba80000, 0x0000000100000000)
  eden space 5632K, 100% used [0x00000000eab00000,0x00000000eb080000,0x00000000eb080000)
  from space 5120K, 96% used [0x00000000eb080000,0x00000000eb550cc8,0x00000000eb580000)
  to   space 5120K, 0% used [0x00000000eb580000,0x00000000eb580000,0x00000000eba80000)
 ParOldGen       total 520192K, used 520096K [0x00000000c0000000, 0x00000000dfc00000, 0x00000000eab00000)
  object space 520192K, 99% used [0x00000000c0000000,0x00000000dfbe8140,0x00000000dfc00000)
 Metaspace       used 76922K, committed 78528K, reserved 1179648K
  class space    used 7967K, committed 8704K, reserved 1048576K
}
Event: 1355.273 GC heap after
{Heap after GC invocations=1067 (full 4):
 PSYoungGen      total 6144K, used 468K [0x00000000eab00000, 0x00000000eb600000, 0x0000000100000000)
  eden space 5632K, 0% used [0x00000000eab00000,0x00000000eab00000,0x00000000eb080000)
  from space 512K, 91% used [0x00000000eb580000,0x00000000eb5f5220,0x00000000eb600000)
  to   space 2560K, 0% used [0x00000000eb100000,0x00000000eb100000,0x00000000eb380000)
 ParOldGen       total 523264K, used 523112K [0x00000000c0000000, 0x00000000dff00000, 0x00000000eab00000)
  object space 523264K, 99% used [0x00000000c0000000,0x00000000dfeda140,0x00000000dff00000)
 Metaspace       used 76922K, committed 78528K, reserved 1179648K
  class space    used 7967K, committed 8704K, reserved 1048576K
}

